<?xml version="1.0" encoding="UTF-8"?>
<!-- Generated by org.testng.reporters.JUnitXMLReporter -->
<testsuite hostname="DESKTOP-I4183A3" ignored="0" name="Surefire test" tests="6" failures="0" timestamp="28 Feb 2020 20:40:57 GMT" time="0.037" errors="0">
  <testcase name="NativeAppAndroid" time="0.007" classname="qaclickacademy.AppiumTest"/>
  <testcase name="NativeAppIos" time="0.0" classname="qaclickacademy.AppiumTest"/>
  <testcase name="deleteTwitter" time="0.0" classname="qaclickacademy.RestApiTest"/>
  <testcase name="postJira" time="0.001" classname="qaclickacademy.RestApiTest"/>
  <testcase name="browserAutomation" time="0.0" classname="qaclickacademy.SeleniumTest"/>
  <testcase name="elementsUi" time="0.001" classname="qaclickacademy.SeleniumTest"/>
</testsuite> <!-- Surefire test -->
