<?xml version="1.0" encoding="UTF-8"?>
<!-- Generated by org.testng.reporters.JUnitXMLReporter -->
<testsuite hostname="DESKTOP-I4183A3" ignored="0" name="Test" tests="6" failures="0" timestamp="2020-02-28T15:25:41 EST" time="0.084" errors="0">
  <testcase name="NativeAppAndroid" time="0.01" classname="qaclickacademy.AppiumTest"/>
  <testcase name="NativeAppIos" time="0.001" classname="qaclickacademy.AppiumTest"/>
  <testcase name="browserAutomation" time="0.003" classname="qaclickacademy.SeleniumTest"/>
  <testcase name="elementsUi" time="0.004" classname="qaclickacademy.SeleniumTest"/>
  <testcase name="deleteTwitter" time="0.002" classname="qaclickacademy.RestApiTest"/>
  <testcase name="postJira" time="0.001" classname="qaclickacademy.RestApiTest"/>
</testsuite> <!-- Test -->
