<?xml version="1.0" encoding="UTF-8"?>
<testng-results skipped="0" failed="0" ignored="0" total="6" passed="6">
  <reporter-output>
  </reporter-output>
  <suite name="Suite" duration-ms="84" started-at="2020-02-28T15:25:41 EST" finished-at="2020-02-28T15:25:41 EST">
    <groups>
    </groups>
    <test name="Test" duration-ms="84" started-at="2020-02-28T15:25:41 EST" finished-at="2020-02-28T15:25:41 EST">
      <class name="qaclickacademy.AppiumTest">
        <test-method status="PASS" signature="NativeAppAndroid()[pri:0, instance:qaclickacademy.AppiumTest@79be0360]" name="NativeAppAndroid" duration-ms="10" started-at="2020-02-28T15:25:41 EST" finished-at="2020-02-28T15:25:41 EST">
          <reporter-output>
          </reporter-output>
        </test-method> <!-- NativeAppAndroid -->
        <test-method status="PASS" signature="NativeAppIos()[pri:0, instance:qaclickacademy.AppiumTest@79be0360]" name="NativeAppIos" duration-ms="1" started-at="2020-02-28T15:25:41 EST" finished-at="2020-02-28T15:25:41 EST">
          <reporter-output>
          </reporter-output>
        </test-method> <!-- NativeAppIos -->
      </class> <!-- qaclickacademy.AppiumTest -->
      <class name="qaclickacademy.RestApiTest">
        <test-method status="PASS" signature="deleteTwitter()[pri:0, instance:qaclickacademy.RestApiTest@57855c9a]" name="deleteTwitter" duration-ms="2" started-at="2020-02-28T15:25:41 EST" finished-at="2020-02-28T15:25:41 EST">
          <reporter-output>
          </reporter-output>
        </test-method> <!-- deleteTwitter -->
        <test-method status="PASS" signature="postJira()[pri:0, instance:qaclickacademy.RestApiTest@57855c9a]" name="postJira" duration-ms="1" started-at="2020-02-28T15:25:41 EST" finished-at="2020-02-28T15:25:41 EST">
          <reporter-output>
          </reporter-output>
        </test-method> <!-- postJira -->
      </class> <!-- qaclickacademy.RestApiTest -->
      <class name="qaclickacademy.SeleniumTest">
        <test-method status="PASS" signature="browserAutomation()[pri:0, instance:qaclickacademy.SeleniumTest@22a67b4]" name="browserAutomation" duration-ms="3" started-at="2020-02-28T15:25:41 EST" finished-at="2020-02-28T15:25:41 EST">
          <reporter-output>
          </reporter-output>
        </test-method> <!-- browserAutomation -->
        <test-method status="PASS" signature="elementsUi()[pri:0, instance:qaclickacademy.SeleniumTest@22a67b4]" name="elementsUi" duration-ms="4" started-at="2020-02-28T15:25:41 EST" finished-at="2020-02-28T15:25:41 EST">
          <reporter-output>
          </reporter-output>
        </test-method> <!-- elementsUi -->
      </class> <!-- qaclickacademy.SeleniumTest -->
    </test> <!-- Test -->
  </suite> <!-- Suite -->
</testng-results>
